mode: set
bff-storage/internal/bigquery/client.go:63.65,89.2 1 0
bff-storage/internal/bigquery/client.go:97.100,99.27 2 0
bff-storage/internal/bigquery/client.go:99.27,101.17 2 0
bff-storage/internal/bigquery/client.go:101.17,103.4 1 0
bff-storage/internal/bigquery/client.go:104.3,104.61 1 0
bff-storage/internal/bigquery/client.go:107.2,108.16 2 0
bff-storage/internal/bigquery/client.go:108.16,110.3 1 0
bff-storage/internal/bigquery/client.go:112.2,116.8 1 0
bff-storage/internal/bigquery/client.go:119.32,121.2 1 0
bff-storage/internal/bigquery/client.go:123.58,126.2 2 0
bff-storage/internal/bigquery/client.go:128.44,130.2 1 0
bff-storage/internal/bigquery/client.go:132.78,136.32 3 0
bff-storage/internal/bigquery/client.go:136.32,139.3 2 0
bff-storage/internal/bigquery/client.go:139.8,139.38 1 0
bff-storage/internal/bigquery/client.go:139.38,142.3 2 0
bff-storage/internal/bigquery/client.go:144.2,144.30 1 0
bff-storage/internal/bigquery/client.go:144.30,147.3 2 0
bff-storage/internal/bigquery/client.go:147.8,147.36 1 0
bff-storage/internal/bigquery/client.go:147.36,150.3 2 0
bff-storage/internal/bigquery/client.go:152.2,152.32 1 0
bff-storage/internal/bigquery/client.go:152.32,155.3 2 0
bff-storage/internal/bigquery/client.go:155.8,155.38 1 0
bff-storage/internal/bigquery/client.go:155.38,158.3 2 0
bff-storage/internal/bigquery/client.go:160.2,160.30 1 0
bff-storage/internal/bigquery/client.go:160.30,162.22 2 0
bff-storage/internal/bigquery/client.go:162.22,165.4 2 0
bff-storage/internal/bigquery/client.go:165.9,165.28 1 0
bff-storage/internal/bigquery/client.go:165.28,168.4 2 0
bff-storage/internal/bigquery/client.go:171.2,171.29 1 0
bff-storage/internal/bigquery/client.go:171.29,173.36 2 0
bff-storage/internal/bigquery/client.go:173.36,174.13 1 0
bff-storage/internal/bigquery/client.go:175.20,176.89 1 0
bff-storage/internal/bigquery/client.go:177.21,178.90 1 0
bff-storage/internal/bigquery/client.go:181.3,181.27 1 0
bff-storage/internal/bigquery/client.go:181.27,183.4 1 0
bff-storage/internal/bigquery/client.go:186.2,186.34 1 0
bff-storage/internal/bigquery/client.go:186.34,188.45 2 0
bff-storage/internal/bigquery/client.go:188.45,189.42 1 0
bff-storage/internal/bigquery/client.go:189.42,191.5 1 0
bff-storage/internal/bigquery/client.go:193.3,193.24 1 0
bff-storage/internal/bigquery/client.go:193.24,195.4 1 0
bff-storage/internal/bigquery/client.go:198.2,198.35 1 0
bff-storage/internal/bigquery/client.go:198.35,200.43 2 0
bff-storage/internal/bigquery/client.go:200.43,201.14 1 0
bff-storage/internal/bigquery/client.go:202.13,203.90 1 0
bff-storage/internal/bigquery/client.go:204.14,205.91 1 0
bff-storage/internal/bigquery/client.go:206.14,207.91 1 0
bff-storage/internal/bigquery/client.go:208.14,209.91 1 0
bff-storage/internal/bigquery/client.go:210.14,211.91 1 0
bff-storage/internal/bigquery/client.go:212.14,213.91 1 0
bff-storage/internal/bigquery/client.go:214.14,215.120 1 0
bff-storage/internal/bigquery/client.go:216.13,217.107 1 0
bff-storage/internal/bigquery/client.go:220.3,220.26 1 0
bff-storage/internal/bigquery/client.go:220.26,222.4 1 0
bff-storage/internal/bigquery/client.go:225.2,225.27 1 0
bff-storage/internal/bigquery/client.go:228.46,229.25 1 0
bff-storage/internal/bigquery/client.go:229.25,231.3 1 0
bff-storage/internal/bigquery/client.go:232.2,232.11 1 0
bff-storage/internal/bigquery/client.go:235.38,243.2 1 0
bff-storage/internal/bigquery/client.go:245.116,247.16 2 0
bff-storage/internal/bigquery/client.go:247.16,249.3 1 0
bff-storage/internal/bigquery/client.go:250.2,250.22 1 0
bff-storage/internal/bigquery/client.go:250.22,252.3 1 0
bff-storage/internal/bigquery/client.go:254.2,258.17 4 0
bff-storage/internal/bigquery/client.go:258.17,260.3 1 0
bff-storage/internal/bigquery/client.go:260.8,262.3 1 0
bff-storage/internal/bigquery/client.go:264.2,280.16 5 0
bff-storage/internal/bigquery/client.go:280.16,282.3 1 0
bff-storage/internal/bigquery/client.go:284.2,285.6 2 0
bff-storage/internal/bigquery/client.go:285.6,293.27 3 0
bff-storage/internal/bigquery/client.go:293.27,294.9 1 0
bff-storage/internal/bigquery/client.go:296.3,296.17 1 0
bff-storage/internal/bigquery/client.go:296.17,298.4 1 0
bff-storage/internal/bigquery/client.go:299.3,304.5 1 0
bff-storage/internal/bigquery/client.go:307.2,310.8 1 0
bff-storage/internal/bigquery/client.go:313.120,329.16 7 0
bff-storage/internal/bigquery/client.go:329.16,331.3 1 0
bff-storage/internal/bigquery/client.go:333.2,334.38 2 0
bff-storage/internal/bigquery/client.go:334.38,336.3 1 0
bff-storage/internal/bigquery/client.go:338.2,339.21 2 0
bff-storage/internal/bigquery/client.go:342.128,347.16 4 0
bff-storage/internal/bigquery/client.go:347.16,349.3 1 0
bff-storage/internal/bigquery/client.go:351.2,367.16 5 0
bff-storage/internal/bigquery/client.go:367.16,369.3 1 0
bff-storage/internal/bigquery/client.go:371.2,372.6 2 0
bff-storage/internal/bigquery/client.go:372.6,378.27 3 0
bff-storage/internal/bigquery/client.go:378.27,379.9 1 0
bff-storage/internal/bigquery/client.go:381.3,381.17 1 0
bff-storage/internal/bigquery/client.go:381.17,383.4 1 0
bff-storage/internal/bigquery/client.go:384.3,387.5 1 0
bff-storage/internal/bigquery/client.go:390.2,390.53 1 0
bff-storage/internal/bigquery/client.go:393.50,394.17 1 0
bff-storage/internal/bigquery/client.go:395.16,399.30 1 0
bff-storage/internal/bigquery/client.go:400.22,410.12 1 0
bff-storage/internal/bigquery/client.go:411.23,419.12 1 0
bff-storage/internal/bigquery/client.go:420.10,421.63 1 0
bff-storage/internal/bigquery/client.go:425.116,429.16 3 0
bff-storage/internal/bigquery/client.go:429.16,431.3 1 0
bff-storage/internal/bigquery/client.go:432.2,436.32 4 0
bff-storage/internal/bigquery/client.go:436.32,439.3 2 0
bff-storage/internal/bigquery/client.go:439.8,439.38 1 0
bff-storage/internal/bigquery/client.go:439.38,442.3 2 0
bff-storage/internal/bigquery/client.go:443.2,444.16 2 0
bff-storage/internal/bigquery/client.go:444.16,446.3 1 0
bff-storage/internal/bigquery/client.go:447.2,451.30 4 0
bff-storage/internal/bigquery/client.go:451.30,454.3 2 0
bff-storage/internal/bigquery/client.go:454.8,454.36 1 0
bff-storage/internal/bigquery/client.go:454.36,457.3 2 0
bff-storage/internal/bigquery/client.go:458.2,459.16 2 0
bff-storage/internal/bigquery/client.go:459.16,461.3 1 0
bff-storage/internal/bigquery/client.go:462.2,472.16 4 0
bff-storage/internal/bigquery/client.go:472.16,474.3 1 0
bff-storage/internal/bigquery/client.go:475.2,475.30 1 0
bff-storage/internal/bigquery/client.go:475.30,477.3 1 0
bff-storage/internal/bigquery/client.go:479.2,480.16 2 0
bff-storage/internal/bigquery/client.go:480.16,482.3 1 0
bff-storage/internal/bigquery/client.go:483.2,483.33 1 0
bff-storage/internal/bigquery/client.go:483.33,485.3 1 0
bff-storage/internal/bigquery/client.go:487.2,488.16 2 0
bff-storage/internal/bigquery/client.go:488.16,490.3 1 0
bff-storage/internal/bigquery/client.go:491.2,491.38 1 0
bff-storage/internal/bigquery/client.go:491.38,493.3 1 0
bff-storage/internal/bigquery/client.go:495.2,495.20 1 0
bff-storage/internal/bigquery/client.go:498.128,500.21 2 0
bff-storage/internal/bigquery/client.go:500.21,502.3 1 0
bff-storage/internal/bigquery/client.go:504.2,513.16 5 0
bff-storage/internal/bigquery/client.go:513.16,515.3 1 0
bff-storage/internal/bigquery/client.go:517.2,518.6 2 0
bff-storage/internal/bigquery/client.go:518.6,521.27 3 0
bff-storage/internal/bigquery/client.go:521.27,522.9 1 0
bff-storage/internal/bigquery/client.go:524.3,524.17 1 0
bff-storage/internal/bigquery/client.go:524.17,526.4 1 0
bff-storage/internal/bigquery/client.go:527.3,527.36 1 0
bff-storage/internal/bigquery/client.go:527.36,529.4 1 0
bff-storage/internal/bigquery/client.go:532.2,532.20 1 0
bff-storage/internal/bigquery/client.go:535.39,537.24 2 0
bff-storage/internal/bigquery/client.go:537.24,538.77 1 0
bff-storage/internal/bigquery/client.go:538.77,540.4 1 0
bff-storage/internal/bigquery/client.go:542.2,542.14 1 0
bff-storage/internal/bigquery/client.go:545.37,546.15 1 0
bff-storage/internal/bigquery/client.go:547.15,548.20 1 0
bff-storage/internal/bigquery/client.go:549.15,550.20 1 0
bff-storage/internal/bigquery/client.go:551.15,552.20 1 0
bff-storage/internal/bigquery/client.go:553.15,554.20 1 0
bff-storage/internal/bigquery/client.go:555.15,556.20 1 0
bff-storage/internal/bigquery/client.go:557.15,558.20 1 0
bff-storage/internal/bigquery/client.go:559.15,560.20 1 0
bff-storage/internal/bigquery/client.go:561.13,562.22 1 0
bff-storage/internal/bigquery/client.go:563.13,564.57 1 0
bff-storage/internal/bigquery/client.go:565.10,566.12 1 0
bff-storage/internal/bigquery/client.go:570.93,580.16 5 0
bff-storage/internal/bigquery/client.go:580.16,582.3 1 0
bff-storage/internal/bigquery/client.go:584.2,585.6 2 0
bff-storage/internal/bigquery/client.go:585.6,588.27 3 0
bff-storage/internal/bigquery/client.go:588.27,589.9 1 0
bff-storage/internal/bigquery/client.go:591.3,591.17 1 0
bff-storage/internal/bigquery/client.go:591.17,593.4 1 0
bff-storage/internal/bigquery/client.go:594.3,594.36 1 0
bff-storage/internal/bigquery/client.go:594.36,596.4 1 0
bff-storage/internal/bigquery/client.go:599.2,599.21 1 0
bff-storage/internal/bigquery/client.go:602.42,607.2 4 0
bff-storage/internal/bigquery/client.go:609.45,610.13 1 0
bff-storage/internal/bigquery/client.go:611.18,612.20 1 0
bff-storage/internal/bigquery/client.go:613.19,614.21 1 0
bff-storage/internal/bigquery/client.go:615.10,616.13 1 0
bff-storage/internal/bigquery/client.go:620.50,622.2 1 0
bff-storage/cmd/server/main.go:16.13,18.39 2 0
bff-storage/cmd/server/main.go:18.39,20.3 1 0
bff-storage/cmd/server/main.go:22.2,27.16 5 0
bff-storage/cmd/server/main.go:27.16,29.3 1 0
bff-storage/cmd/server/main.go:30.2,30.15 1 0
bff-storage/cmd/server/main.go:30.15,31.47 1 0
bff-storage/cmd/server/main.go:31.47,33.4 1 0
bff-storage/cmd/server/main.go:36.2,37.16 2 0
bff-storage/cmd/server/main.go:37.16,39.3 1 0
bff-storage/cmd/server/main.go:40.2,40.15 1 0
bff-storage/cmd/server/main.go:40.15,41.42 1 0
bff-storage/cmd/server/main.go:41.42,43.4 1 0
bff-storage/cmd/server/main.go:46.2,66.89 14 0
bff-storage/cmd/server/main.go:66.89,68.3 1 0
bff-storage/internal/config/config.go:20.42,21.42 1 0
bff-storage/internal/config/config.go:21.42,23.3 1 0
bff-storage/internal/config/config.go:24.2,24.17 1 0
bff-storage/internal/config/config.go:27.20,28.40 1 0
bff-storage/internal/config/config.go:28.40,30.3 1 0
bff-storage/internal/config/config.go:32.2,39.3 1 0
bff-storage/internal/config/config.go:42.34,44.24 2 0
bff-storage/internal/config/config.go:44.24,46.3 1 0
bff-storage/internal/config/config.go:47.2,47.25 1 0
bff-storage/internal/config/config.go:47.25,49.3 1 0
bff-storage/internal/config/config.go:50.2,50.25 1 0
bff-storage/internal/config/config.go:50.25,52.3 1 0
bff-storage/internal/config/config.go:53.2,53.22 1 0
bff-storage/internal/config/config.go:53.22,55.3 1 0
bff-storage/internal/config/config.go:56.2,56.12 1 0
bff-storage/internal/handler/geodata.go:15.72,16.32 1 0
bff-storage/internal/handler/geodata.go:16.32,19.3 2 0
bff-storage/internal/handler/geodata.go:21.2,27.16 5 0
bff-storage/internal/handler/geodata.go:27.16,31.3 3 0
bff-storage/internal/handler/geodata.go:33.2,33.37 1 0
bff-storage/internal/handler/geodata.go:36.75,37.32 1 0
bff-storage/internal/handler/geodata.go:37.32,40.3 2 0
bff-storage/internal/handler/geodata.go:42.2,48.16 5 0
bff-storage/internal/handler/geodata.go:48.16,52.3 3 0
bff-storage/internal/handler/geodata.go:54.2,54.37 1 0
bff-storage/internal/handler/geodata.go:57.76,58.32 1 0
bff-storage/internal/handler/geodata.go:58.32,61.3 2 0
bff-storage/internal/handler/geodata.go:63.2,69.16 5 0
bff-storage/internal/handler/geodata.go:69.16,73.3 3 0
bff-storage/internal/handler/geodata.go:75.2,75.37 1 0
bff-storage/internal/handler/geodata.go:78.70,79.32 1 0
bff-storage/internal/handler/geodata.go:79.32,82.3 2 0
bff-storage/internal/handler/geodata.go:84.2,85.19 2 0
bff-storage/internal/handler/geodata.go:85.19,88.3 2 0
bff-storage/internal/handler/geodata.go:90.2,91.27 2 0
bff-storage/internal/handler/geodata.go:91.27,94.3 2 0
bff-storage/internal/handler/geodata.go:96.2,102.16 5 0
bff-storage/internal/handler/geodata.go:102.16,106.3 3 0
bff-storage/internal/handler/geodata.go:108.2,108.37 1 0
bff-storage/internal/handler/geodata.go:111.57,115.34 3 0
bff-storage/internal/handler/geodata.go:115.34,116.63 1 0
bff-storage/internal/handler/geodata.go:116.63,118.4 1 0
bff-storage/internal/handler/geodata.go:121.2,130.3 1 0
bff-storage/internal/handler/geodata.go:133.38,134.15 1 0
bff-storage/internal/handler/geodata.go:134.15,136.3 1 0
bff-storage/internal/handler/geodata.go:137.2,138.44 2 0
bff-storage/internal/handler/geodata.go:138.44,140.14 2 0
bff-storage/internal/handler/geodata.go:140.14,142.4 1 0
bff-storage/internal/handler/geodata.go:144.2,144.15 1 0
bff-storage/internal/handler/handler.go:35.58,37.2 1 1
bff-storage/internal/handler/handler.go:39.66,40.32 1 1
bff-storage/internal/handler/handler.go:40.32,43.3 2 1
bff-storage/internal/handler/handler.go:45.2,45.64 1 1
bff-storage/internal/handler/handler.go:48.72,49.32 1 1
bff-storage/internal/handler/handler.go:49.32,53.3 3 1
bff-storage/internal/handler/handler.go:55.2,55.59 1 1
bff-storage/internal/handler/handler.go:55.59,62.3 4 1
bff-storage/internal/handler/handler.go:64.2,66.4 1 1
bff-storage/internal/handler/handler.go:69.69,70.32 1 1
bff-storage/internal/handler/handler.go:70.32,73.3 2 1
bff-storage/internal/handler/handler.go:75.2,79.16 4 1
bff-storage/internal/handler/handler.go:79.16,83.3 3 1
bff-storage/internal/handler/handler.go:85.2,89.4 1 1
bff-storage/internal/handler/handler.go:92.77,93.32 1 1
bff-storage/internal/handler/handler.go:93.32,96.3 2 1
bff-storage/internal/handler/handler.go:98.2,105.16 6 1
bff-storage/internal/handler/handler.go:105.16,109.3 3 1
bff-storage/internal/handler/handler.go:111.2,117.4 1 1
bff-storage/internal/handler/handler.go:120.71,121.32 1 1
bff-storage/internal/handler/handler.go:121.32,124.3 2 1
bff-storage/internal/handler/handler.go:126.2,127.14 2 1
bff-storage/internal/handler/handler.go:127.14,130.3 2 1
bff-storage/internal/handler/handler.go:132.2,136.16 4 1
bff-storage/internal/handler/handler.go:136.16,137.44 1 1
bff-storage/internal/handler/handler.go:137.44,140.4 2 1
bff-storage/internal/handler/handler.go:142.3,144.9 3 1
bff-storage/internal/handler/handler.go:146.2,146.15 1 1
bff-storage/internal/handler/handler.go:146.15,147.45 1 1
bff-storage/internal/handler/handler.go:147.45,149.4 1 0
bff-storage/internal/handler/handler.go:152.2,154.20 3 1
bff-storage/internal/handler/handler.go:154.20,156.3 1 1
bff-storage/internal/handler/handler.go:158.2,158.51 1 1
bff-storage/internal/handler/handler.go:158.51,160.3 1 0
bff-storage/internal/handler/handler.go:163.50,165.18 2 1
bff-storage/internal/handler/handler.go:165.18,167.3 1 1
bff-storage/internal/handler/handler.go:168.2,168.37 1 1
bff-storage/internal/handler/handler.go:168.37,170.3 1 1
bff-storage/internal/handler/handler.go:171.2,171.15 1 1
bff-storage/internal/handler/handler.go:174.68,177.59 3 1
bff-storage/internal/handler/handler.go:177.59,179.3 1 0
bff-storage/internal/handler/handler.go:182.72,184.2 1 1
bff-storage/internal/storage/storage.go:27.90,29.16 2 0
bff-storage/internal/storage/storage.go:29.16,31.3 1 0
bff-storage/internal/storage/storage.go:33.2,37.8 1 0
bff-storage/internal/storage/storage.go:40.32,42.2 1 0
bff-storage/internal/storage/storage.go:44.41,46.2 1 0
bff-storage/internal/storage/storage.go:48.57,51.2 2 0
bff-storage/internal/storage/storage.go:53.95,55.18 2 0
bff-storage/internal/storage/storage.go:55.18,57.3 1 0
bff-storage/internal/storage/storage.go:59.2,61.6 3 0
bff-storage/internal/storage/storage.go:61.6,63.36 2 0
bff-storage/internal/storage/storage.go:63.36,64.9 1 0
bff-storage/internal/storage/storage.go:66.3,66.17 1 0
bff-storage/internal/storage/storage.go:66.17,68.4 1 0
bff-storage/internal/storage/storage.go:70.3,70.41 1 0
bff-storage/internal/storage/storage.go:70.41,71.12 1 0
bff-storage/internal/storage/storage.go:74.3,79.5 1 0
bff-storage/internal/storage/storage.go:82.2,82.19 1 0
bff-storage/internal/storage/storage.go:85.95,97.6 4 0
bff-storage/internal/storage/storage.go:97.6,99.36 2 0
bff-storage/internal/storage/storage.go:99.36,100.9 1 0
bff-storage/internal/storage/storage.go:102.3,102.17 1 0
bff-storage/internal/storage/storage.go:102.17,104.4 1 0
bff-storage/internal/storage/storage.go:106.3,106.25 1 0
bff-storage/internal/storage/storage.go:106.25,108.12 2 0
bff-storage/internal/storage/storage.go:111.3,111.41 1 0
bff-storage/internal/storage/storage.go:111.41,112.12 1 0
bff-storage/internal/storage/storage.go:115.3,120.5 1 0
bff-storage/internal/storage/storage.go:123.2,123.21 1 0
bff-storage/internal/storage/storage.go:126.79,128.16 2 0
bff-storage/internal/storage/storage.go:128.16,130.3 1 0
bff-storage/internal/storage/storage.go:132.2,133.23 2 0
bff-storage/internal/storage/storage.go:133.23,135.3 1 0
bff-storage/internal/storage/storage.go:137.2,141.8 1 0
