mode: set
bucket-consumer/internal/storage/writer.go:19.41,21.2 1 1
bucket-consumer/internal/storage/writer.go:49.107,51.23 2 0
bucket-consumer/internal/storage/writer.go:51.23,53.17 2 0
bucket-consumer/internal/storage/writer.go:53.17,55.4 1 0
bucket-consumer/internal/storage/writer.go:56.3,56.61 1 0
bucket-consumer/internal/storage/writer.go:59.2,60.16 2 0
bucket-consumer/internal/storage/writer.go:60.16,62.3 1 0
bucket-consumer/internal/storage/writer.go:64.2,69.8 1 0
bucket-consumer/internal/storage/writer.go:72.32,74.2 1 0
bucket-consumer/internal/storage/writer.go:79.49,81.56 2 1
bucket-consumer/internal/storage/writer.go:81.56,83.3 1 1
bucket-consumer/internal/storage/writer.go:85.2,85.49 1 1
bucket-consumer/internal/storage/writer.go:85.49,88.69 3 1
bucket-consumer/internal/storage/writer.go:88.69,90.4 1 1
bucket-consumer/internal/storage/writer.go:93.2,98.16 5 1
bucket-consumer/internal/storage/writer.go:98.16,100.3 1 0
bucket-consumer/internal/storage/writer.go:102.2,103.17 2 1
bucket-consumer/internal/storage/writer.go:103.17,105.3 1 1
bucket-consumer/internal/storage/writer.go:107.2,118.18 5 1
bucket-consumer/internal/storage/writer.go:133.51,135.24 2 0
bucket-consumer/internal/storage/writer.go:135.24,138.3 2 0
bucket-consumer/internal/storage/writer.go:139.2,144.26 5 0
bucket-consumer/internal/storage/writer.go:144.26,153.3 2 0
bucket-consumer/internal/storage/writer.go:155.2,158.33 3 0
bucket-consumer/internal/storage/writer.go:158.33,160.29 2 0
bucket-consumer/internal/storage/writer.go:160.29,163.4 2 0
bucket-consumer/internal/storage/writer.go:165.3,181.46 7 0
bucket-consumer/internal/storage/writer.go:181.46,182.47 1 0
bucket-consumer/internal/storage/writer.go:182.47,184.5 1 0
bucket-consumer/internal/storage/writer.go:185.4,186.23 2 0
bucket-consumer/internal/storage/writer.go:186.23,188.5 1 0
bucket-consumer/internal/storage/writer.go:189.4,190.12 2 0
bucket-consumer/internal/storage/writer.go:193.3,193.36 1 0
bucket-consumer/internal/storage/writer.go:193.36,195.23 2 0
bucket-consumer/internal/storage/writer.go:195.23,197.5 1 0
bucket-consumer/internal/storage/writer.go:198.4,199.12 2 0
bucket-consumer/internal/storage/writer.go:202.3,202.97 1 0
bucket-consumer/internal/storage/writer.go:205.2,205.21 1 0
bucket-consumer/internal/storage/writer.go:205.21,209.3 3 0
bucket-consumer/internal/storage/writer.go:211.2,211.17 1 0
bucket-consumer/internal/storage/writer.go:214.32,218.2 3 1
bucket-consumer/internal/storage/writer.go:220.65,222.16 2 0
bucket-consumer/internal/storage/writer.go:222.16,224.3 1 0
bucket-consumer/internal/storage/writer.go:226.2,226.12 1 0
bucket-consumer/cmd/consumer/main.go:26.82,28.32 1 0
bucket-consumer/cmd/consumer/main.go:28.32,31.3 2 0
bucket-consumer/cmd/consumer/main.go:32.2,33.16 2 0
bucket-consumer/cmd/consumer/main.go:33.16,36.3 2 0
bucket-consumer/cmd/consumer/main.go:38.2,39.16 2 0
bucket-consumer/cmd/consumer/main.go:39.16,42.3 2 0
bucket-consumer/cmd/consumer/main.go:44.2,44.30 1 0
bucket-consumer/cmd/consumer/main.go:48.13,49.43 1 0
bucket-consumer/cmd/consumer/main.go:49.43,50.45 1 0
bucket-consumer/cmd/consumer/main.go:50.45,52.4 1 0
bucket-consumer/cmd/consumer/main.go:55.2,56.39 2 0
bucket-consumer/cmd/consumer/main.go:56.39,58.3 1 0
bucket-consumer/cmd/consumer/main.go:60.2,70.16 4 0
bucket-consumer/cmd/consumer/main.go:70.16,72.3 1 0
bucket-consumer/cmd/consumer/main.go:73.2,73.15 1 0
bucket-consumer/cmd/consumer/main.go:73.15,74.40 1 0
bucket-consumer/cmd/consumer/main.go:74.40,76.4 1 0
bucket-consumer/cmd/consumer/main.go:79.2,92.12 6 0
bucket-consumer/cmd/consumer/main.go:92.12,93.90 1 0
bucket-consumer/cmd/consumer/main.go:93.90,95.4 1 0
bucket-consumer/cmd/consumer/main.go:98.2,103.12 5 0
bucket-consumer/cmd/consumer/main.go:103.12,106.3 2 0
bucket-consumer/cmd/consumer/main.go:108.2,113.59 5 0
bucket-consumer/cmd/consumer/main.go:113.59,115.3 1 0
bucket-consumer/cmd/consumer/main.go:117.2,117.42 1 0
bucket-consumer/internal/config/config.go:29.37,30.34 1 0
bucket-consumer/internal/config/config.go:30.34,32.3 1 0
bucket-consumer/internal/config/config.go:33.2,33.12 1 0
bucket-consumer/internal/config/config.go:36.41,37.34 1 0
bucket-consumer/internal/config/config.go:37.34,38.44 1 0
bucket-consumer/internal/config/config.go:38.44,40.4 1 0
bucket-consumer/internal/config/config.go:42.2,42.12 1 0
bucket-consumer/internal/config/config.go:45.66,46.34 1 0
bucket-consumer/internal/config/config.go:46.34,47.50 1 0
bucket-consumer/internal/config/config.go:47.50,49.4 1 0
bucket-consumer/internal/config/config.go:51.2,51.12 1 0
bucket-consumer/internal/config/config.go:54.20,73.2 2 0
bucket-consumer/internal/config/config.go:75.34,77.23 2 0
bucket-consumer/internal/config/config.go:77.23,79.3 1 0
bucket-consumer/internal/config/config.go:80.2,80.57 1 0
bucket-consumer/internal/config/config.go:80.57,82.3 1 0
bucket-consumer/internal/config/config.go:83.2,83.22 1 0
bucket-consumer/internal/config/config.go:83.22,85.3 1 0
bucket-consumer/internal/config/config.go:86.2,86.12 1 0
bucket-consumer/internal/consumer/consumer.go:22.63,24.2 1 0
bucket-consumer/internal/consumer/consumer.go:28.24,29.23 1 0
bucket-consumer/internal/consumer/consumer.go:29.23,30.65 1 0
bucket-consumer/internal/consumer/consumer.go:30.65,32.4 1 0
bucket-consumer/internal/consumer/consumer.go:36.45,45.15 2 0
bucket-consumer/internal/consumer/consumer.go:45.15,46.40 1 0
bucket-consumer/internal/consumer/consumer.go:46.40,48.4 1 0
bucket-consumer/internal/consumer/consumer.go:51.2,58.12 4 0
bucket-consumer/internal/consumer/consumer.go:58.12,59.7 1 0
bucket-consumer/internal/consumer/consumer.go:59.7,60.11 1 0
bucket-consumer/internal/consumer/consumer.go:61.22,62.11 1 0
bucket-consumer/internal/consumer/consumer.go:63.20,64.47 1 0
bucket-consumer/internal/consumer/consumer.go:64.47,66.6 1 0
bucket-consumer/internal/consumer/consumer.go:71.2,71.6 1 0
bucket-consumer/internal/consumer/consumer.go:71.6,76.17 4 0
bucket-consumer/internal/consumer/consumer.go:76.17,77.60 1 0
bucket-consumer/internal/consumer/consumer.go:77.60,80.5 2 0
bucket-consumer/internal/consumer/consumer.go:81.4,81.48 1 0
bucket-consumer/internal/consumer/consumer.go:81.48,82.13 1 0
bucket-consumer/internal/consumer/consumer.go:84.4,85.12 2 0
bucket-consumer/internal/consumer/consumer.go:88.3,88.29 1 0
bucket-consumer/internal/consumer/consumer.go:88.29,89.11 1 0
bucket-consumer/internal/consumer/consumer.go:90.42,90.42 0 0
bucket-consumer/internal/consumer/consumer.go:91.22,93.11 2 0
bucket-consumer/internal/consumer/consumer.go:97.3,104.17 2 0
bucket-consumer/internal/consumer/consumer.go:104.17,107.12 2 0
bucket-consumer/internal/consumer/consumer.go:110.3,110.18 1 0
bucket-consumer/internal/consumer/consumer.go:110.18,111.46 1 0
bucket-consumer/internal/consumer/consumer.go:111.46,113.5 1 0
bucket-consumer/internal/consumer/consumer.go:116.3,118.50 2 0
bucket-consumer/internal/consumer/consumer.go:122.77,128.16 2 0
bucket-consumer/internal/consumer/consumer.go:128.16,130.3 1 0
bucket-consumer/internal/consumer/consumer.go:131.2,131.15 1 0
bucket-consumer/internal/consumer/consumer.go:131.15,132.38 1 0
bucket-consumer/internal/consumer/consumer.go:132.38,134.4 1 0
bucket-consumer/internal/consumer/consumer.go:137.2,137.66 1 0
bucket-consumer/internal/consumer/consumer.go:137.66,139.3 1 0
bucket-consumer/internal/consumer/consumer.go:141.2,142.16 2 0
bucket-consumer/internal/consumer/consumer.go:142.16,144.3 1 0
bucket-consumer/internal/consumer/consumer.go:146.2,146.12 1 0
bucket-consumer/cmd/daily-aggregator/main.go:18.37,19.34 1 0
bucket-consumer/cmd/daily-aggregator/main.go:19.34,21.3 1 0
bucket-consumer/cmd/daily-aggregator/main.go:22.2,22.12 1 0
bucket-consumer/cmd/daily-aggregator/main.go:25.13,26.43 1 0
bucket-consumer/cmd/daily-aggregator/main.go:26.43,27.45 1 0
bucket-consumer/cmd/daily-aggregator/main.go:27.45,29.4 1 0
bucket-consumer/cmd/daily-aggregator/main.go:32.2,36.20 4 0
bucket-consumer/cmd/daily-aggregator/main.go:36.20,38.3 1 0
bucket-consumer/cmd/daily-aggregator/main.go:38.8,41.17 3 0
bucket-consumer/cmd/daily-aggregator/main.go:41.17,43.4 1 0
bucket-consumer/cmd/daily-aggregator/main.go:46.2,54.23 7 0
bucket-consumer/cmd/daily-aggregator/main.go:54.23,56.17 2 0
bucket-consumer/cmd/daily-aggregator/main.go:56.17,58.4 1 0
bucket-consumer/cmd/daily-aggregator/main.go:59.3,59.61 1 0
bucket-consumer/cmd/daily-aggregator/main.go:62.2,63.16 2 0
bucket-consumer/cmd/daily-aggregator/main.go:63.16,65.3 1 0
bucket-consumer/cmd/daily-aggregator/main.go:66.2,66.15 1 0
bucket-consumer/cmd/daily-aggregator/main.go:66.15,67.40 1 0
bucket-consumer/cmd/daily-aggregator/main.go:67.40,69.4 1 0
bucket-consumer/cmd/daily-aggregator/main.go:72.2,94.6 10 0
bucket-consumer/cmd/daily-aggregator/main.go:94.6,96.27 2 0
bucket-consumer/cmd/daily-aggregator/main.go:96.27,97.9 1 0
bucket-consumer/cmd/daily-aggregator/main.go:99.3,99.17 1 0
bucket-consumer/cmd/daily-aggregator/main.go:99.17,100.51 1 0
bucket-consumer/cmd/daily-aggregator/main.go:100.51,102.5 1 0
bucket-consumer/cmd/daily-aggregator/main.go:103.4,103.49 1 0
bucket-consumer/cmd/daily-aggregator/main.go:106.3,107.17 2 0
bucket-consumer/cmd/daily-aggregator/main.go:107.17,108.51 1 0
bucket-consumer/cmd/daily-aggregator/main.go:108.51,110.5 1 0
bucket-consumer/cmd/daily-aggregator/main.go:111.4,111.53 1 0
bucket-consumer/cmd/daily-aggregator/main.go:114.3,115.50 2 0
bucket-consumer/cmd/daily-aggregator/main.go:115.50,117.4 1 0
bucket-consumer/cmd/daily-aggregator/main.go:118.3,118.17 1 0
bucket-consumer/cmd/daily-aggregator/main.go:118.17,119.51 1 0
bucket-consumer/cmd/daily-aggregator/main.go:119.51,121.5 1 0
bucket-consumer/cmd/daily-aggregator/main.go:122.4,122.56 1 0
bucket-consumer/cmd/daily-aggregator/main.go:125.3,127.53 3 0
bucket-consumer/cmd/daily-aggregator/main.go:130.2,130.21 1 0
bucket-consumer/cmd/daily-aggregator/main.go:130.21,131.40 1 0
bucket-consumer/cmd/daily-aggregator/main.go:131.40,133.4 1 0
bucket-consumer/cmd/daily-aggregator/main.go:134.3,135.9 2 0
bucket-consumer/cmd/daily-aggregator/main.go:138.2,138.39 1 0
bucket-consumer/cmd/daily-aggregator/main.go:138.39,140.3 1 0
bucket-consumer/cmd/daily-aggregator/main.go:142.2,143.43 1 0
bucket-consumer/cmd/produce-test/main.go:13.13,19.15 2 0
bucket-consumer/cmd/produce-test/main.go:19.15,20.40 1 0
bucket-consumer/cmd/produce-test/main.go:20.40,22.4 1 0
bucket-consumer/cmd/produce-test/main.go:25.2,39.16 3 0
bucket-consumer/cmd/produce-test/main.go:39.16,41.3 1 0
bucket-consumer/cmd/produce-test/main.go:43.2,50.16 4 0
bucket-consumer/cmd/produce-test/main.go:50.16,52.3 1 0
bucket-consumer/cmd/produce-test/main.go:54.2,54.67 1 0
