mode: set
bigquery-writer/internal/writer/writer.go:97.64,101.69 3 0
bigquery-writer/internal/writer/writer.go:101.69,103.3 1 0
bigquery-writer/internal/writer/writer.go:104.2,104.75 1 0
bigquery-writer/internal/writer/writer.go:104.75,106.3 1 0
bigquery-writer/internal/writer/writer.go:107.2,107.85 1 0
bigquery-writer/internal/writer/writer.go:107.85,109.3 1 0
bigquery-writer/internal/writer/writer.go:110.2,110.75 1 0
bigquery-writer/internal/writer/writer.go:110.75,112.3 1 0
bigquery-writer/internal/writer/writer.go:113.2,113.77 1 0
bigquery-writer/internal/writer/writer.go:113.77,115.3 1 0
bigquery-writer/internal/writer/writer.go:117.2,123.17 6 0
bigquery-writer/internal/writer/writer.go:128.86,131.2 2 1
bigquery-writer/internal/writer/writer.go:133.43,134.99 1 1
bigquery-writer/internal/writer/writer.go:134.99,135.32 1 1
bigquery-writer/internal/writer/writer.go:135.32,137.4 1 1
bigquery-writer/internal/writer/writer.go:139.2,139.39 1 1
bigquery-writer/internal/writer/writer.go:139.39,140.33 1 1
bigquery-writer/internal/writer/writer.go:140.33,142.4 1 1
bigquery-writer/internal/writer/writer.go:144.2,144.64 1 1
bigquery-writer/internal/writer/writer.go:144.64,145.39 1 1
bigquery-writer/internal/writer/writer.go:145.39,147.4 1 1
bigquery-writer/internal/writer/writer.go:149.2,149.12 1 1
bigquery-writer/internal/writer/writer.go:170.98,172.16 2 0
bigquery-writer/internal/writer/writer.go:172.16,174.3 1 0
bigquery-writer/internal/writer/writer.go:176.2,177.16 2 0
bigquery-writer/internal/writer/writer.go:177.16,178.50 1 0
bigquery-writer/internal/writer/writer.go:178.50,180.4 1 0
bigquery-writer/internal/writer/writer.go:181.3,181.51 1 0
bigquery-writer/internal/writer/writer.go:184.2,189.8 1 0
bigquery-writer/internal/writer/writer.go:192.48,198.2 5 1
bigquery-writer/internal/writer/writer.go:200.76,202.24 2 0
bigquery-writer/internal/writer/writer.go:202.24,205.3 2 0
bigquery-writer/internal/writer/writer.go:208.2,216.17 7 0
bigquery-writer/internal/writer/writer.go:216.17,218.3 1 0
bigquery-writer/internal/writer/writer.go:220.2,238.28 5 0
bigquery-writer/internal/writer/writer.go:238.28,240.59 2 0
bigquery-writer/internal/writer/writer.go:240.59,244.12 3 0
bigquery-writer/internal/writer/writer.go:247.3,248.58 2 0
bigquery-writer/internal/writer/writer.go:248.58,255.4 1 0
bigquery-writer/internal/writer/writer.go:257.3,263.45 2 0
bigquery-writer/internal/writer/writer.go:263.45,267.12 3 0
bigquery-writer/internal/writer/writer.go:270.3,323.11 11 0
bigquery-writer/internal/writer/writer.go:326.2,326.17 1 0
bigquery-writer/internal/writer/writer.go:326.17,328.3 1 0
bigquery-writer/internal/writer/writer.go:330.2,330.33 1 0
bigquery-writer/internal/writer/writer.go:330.33,334.3 3 0
bigquery-writer/internal/writer/writer.go:336.2,351.27 4 0
bigquery-writer/internal/writer/writer.go:351.27,352.55 1 0
bigquery-writer/internal/writer/writer.go:352.55,359.4 6 0
bigquery-writer/internal/writer/writer.go:359.9,362.4 2 0
bigquery-writer/internal/writer/writer.go:365.2,371.18 5 0
bigquery-writer/internal/writer/writer.go:374.32,378.2 3 1
bigquery-writer/internal/writer/writer.go:380.32,382.2 1 0
bigquery-writer/internal/writer/writer.go:384.57,386.16 2 0
bigquery-writer/internal/writer/writer.go:386.16,388.3 1 0
bigquery-writer/internal/writer/writer.go:389.2,389.12 1 0
bigquery-writer/cmd/writer/main.go:28.80,29.32 1 0
bigquery-writer/cmd/writer/main.go:29.32,32.3 2 0
bigquery-writer/cmd/writer/main.go:34.2,37.51 3 0
bigquery-writer/cmd/writer/main.go:37.51,41.3 3 0
bigquery-writer/cmd/writer/main.go:43.2,43.101 1 0
bigquery-writer/cmd/writer/main.go:43.101,47.3 3 0
bigquery-writer/cmd/writer/main.go:49.2,49.30 1 0
bigquery-writer/cmd/writer/main.go:52.13,54.39 2 0
bigquery-writer/cmd/writer/main.go:54.39,56.3 1 0
bigquery-writer/cmd/writer/main.go:58.2,62.16 4 0
bigquery-writer/cmd/writer/main.go:62.16,64.3 1 0
bigquery-writer/cmd/writer/main.go:65.2,65.15 1 0
bigquery-writer/cmd/writer/main.go:65.15,66.35 1 0
bigquery-writer/cmd/writer/main.go:66.35,68.4 1 0
bigquery-writer/cmd/writer/main.go:71.2,88.12 10 0
bigquery-writer/cmd/writer/main.go:88.12,89.90 1 0
bigquery-writer/cmd/writer/main.go:89.90,91.4 1 0
bigquery-writer/cmd/writer/main.go:94.2,99.12 5 0
bigquery-writer/cmd/writer/main.go:99.12,102.3 2 0
bigquery-writer/cmd/writer/main.go:104.2,109.57 5 0
bigquery-writer/cmd/writer/main.go:109.57,111.3 1 0
bigquery-writer/cmd/writer/main.go:113.2,113.40 1 0
bigquery-writer/internal/config/config.go:27.37,28.34 1 0
bigquery-writer/internal/config/config.go:28.34,30.3 1 0
bigquery-writer/internal/config/config.go:31.2,31.12 1 0
bigquery-writer/internal/config/config.go:34.41,35.34 1 0
bigquery-writer/internal/config/config.go:35.34,36.44 1 0
bigquery-writer/internal/config/config.go:36.44,38.4 1 0
bigquery-writer/internal/config/config.go:40.2,40.12 1 0
bigquery-writer/internal/config/config.go:43.66,44.34 1 0
bigquery-writer/internal/config/config.go:44.34,45.50 1 0
bigquery-writer/internal/config/config.go:45.50,47.4 1 0
bigquery-writer/internal/config/config.go:49.2,49.12 1 0
bigquery-writer/internal/config/config.go:52.20,69.2 2 0
bigquery-writer/internal/config/config.go:71.34,73.26 2 0
bigquery-writer/internal/config/config.go:73.26,75.3 1 0
bigquery-writer/internal/config/config.go:76.2,76.25 1 0
bigquery-writer/internal/config/config.go:76.25,78.3 1 0
bigquery-writer/internal/config/config.go:79.2,79.57 1 0
bigquery-writer/internal/config/config.go:79.57,81.3 1 0
bigquery-writer/internal/config/config.go:82.2,82.22 1 0
bigquery-writer/internal/config/config.go:82.22,84.3 1 0
bigquery-writer/internal/config/config.go:85.2,85.12 1 0
bigquery-writer/internal/metrics/metrics.go:30.62,108.2 8 0
bigquery-writer/internal/consumer/consumer.go:23.57,25.2 1 0
bigquery-writer/internal/consumer/consumer.go:29.24,30.23 1 0
bigquery-writer/internal/consumer/consumer.go:30.23,31.65 1 0
bigquery-writer/internal/consumer/consumer.go:31.65,33.4 1 0
bigquery-writer/internal/consumer/consumer.go:37.70,47.15 2 0
bigquery-writer/internal/consumer/consumer.go:47.15,48.40 1 0
bigquery-writer/internal/consumer/consumer.go:48.40,50.4 1 0
bigquery-writer/internal/consumer/consumer.go:53.2,59.12 4 0
bigquery-writer/internal/consumer/consumer.go:59.12,60.7 1 0
bigquery-writer/internal/consumer/consumer.go:60.7,61.11 1 0
bigquery-writer/internal/consumer/consumer.go:62.22,63.11 1 0
bigquery-writer/internal/consumer/consumer.go:64.20,65.45 1 0
bigquery-writer/internal/consumer/consumer.go:65.45,67.6 1 0
bigquery-writer/internal/consumer/consumer.go:72.2,72.6 1 0
bigquery-writer/internal/consumer/consumer.go:72.6,77.17 4 0
bigquery-writer/internal/consumer/consumer.go:77.17,78.60 1 0
bigquery-writer/internal/consumer/consumer.go:78.60,81.5 2 0
bigquery-writer/internal/consumer/consumer.go:82.4,82.48 1 0
bigquery-writer/internal/consumer/consumer.go:82.48,83.13 1 0
bigquery-writer/internal/consumer/consumer.go:85.4,86.12 2 0
bigquery-writer/internal/consumer/consumer.go:89.3,97.18 2 0
bigquery-writer/internal/consumer/consumer.go:97.18,98.44 1 0
bigquery-writer/internal/consumer/consumer.go:98.44,100.5 1 0
bigquery-writer/internal/consumer/consumer.go:103.3,105.45 2 0
bigquery-writer/internal/consumer/consumer.go:109.77,115.16 2 0
bigquery-writer/internal/consumer/consumer.go:115.16,117.3 1 0
bigquery-writer/internal/consumer/consumer.go:118.2,118.15 1 0
bigquery-writer/internal/consumer/consumer.go:118.15,119.38 1 0
bigquery-writer/internal/consumer/consumer.go:119.38,121.4 1 0
bigquery-writer/internal/consumer/consumer.go:124.2,124.66 1 0
bigquery-writer/internal/consumer/consumer.go:124.66,126.3 1 0
bigquery-writer/internal/consumer/consumer.go:128.2,129.16 2 0
bigquery-writer/internal/consumer/consumer.go:129.16,131.3 1 0
bigquery-writer/internal/consumer/consumer.go:133.2,133.12 1 0
